mode: count
GoingInCircles/Go/src/interpreter/lexer/lexer.go:14.31,18.2 3 1
GoingInCircles/Go/src/interpreter/lexer/lexer.go:20.28,21.36 1 204
GoingInCircles/Go/src/interpreter/lexer/lexer.go:26.2,27.21 2 204
GoingInCircles/Go/src/interpreter/lexer/lexer.go:21.36,23.3 1 2
GoingInCircles/Go/src/interpreter/lexer/lexer.go:23.8,25.3 1 202
GoingInCircles/Go/src/interpreter/lexer/lexer.go:29.41,32.14 3 71
GoingInCircles/Go/src/interpreter/lexer/lexer.go:91.2,92.12 2 37
GoingInCircles/Go/src/interpreter/lexer/lexer.go:33.11,34.26 1 2
GoingInCircles/Go/src/interpreter/lexer/lexer.go:42.11,43.41 1 2
GoingInCircles/Go/src/interpreter/lexer/lexer.go:44.11,45.41 1 1
GoingInCircles/Go/src/interpreter/lexer/lexer.go:46.11,47.26 1 5
GoingInCircles/Go/src/interpreter/lexer/lexer.go:55.11,56.44 1 1
GoingInCircles/Go/src/interpreter/lexer/lexer.go:57.11,58.47 1 1
GoingInCircles/Go/src/interpreter/lexer/lexer.go:59.11,60.43 1 1
GoingInCircles/Go/src/interpreter/lexer/lexer.go:61.11,62.44 1 1
GoingInCircles/Go/src/interpreter/lexer/lexer.go:63.11,64.44 1 2
GoingInCircles/Go/src/interpreter/lexer/lexer.go:65.11,66.48 1 8
GoingInCircles/Go/src/interpreter/lexer/lexer.go:67.11,68.45 1 3
GoingInCircles/Go/src/interpreter/lexer/lexer.go:69.11,70.45 1 3
GoingInCircles/Go/src/interpreter/lexer/lexer.go:71.11,72.45 1 3
GoingInCircles/Go/src/interpreter/lexer/lexer.go:73.11,74.45 1 3
GoingInCircles/Go/src/interpreter/lexer/lexer.go:75.9,77.23 2 1
GoingInCircles/Go/src/interpreter/lexer/lexer.go:78.10,79.21 1 34
GoingInCircles/Go/src/interpreter/lexer/lexer.go:34.26,39.4 4 1
GoingInCircles/Go/src/interpreter/lexer/lexer.go:39.9,41.4 1 1
GoingInCircles/Go/src/interpreter/lexer/lexer.go:47.26,52.4 4 1
GoingInCircles/Go/src/interpreter/lexer/lexer.go:52.9,54.4 1 4
GoingInCircles/Go/src/interpreter/lexer/lexer.go:79.21,83.4 3 22
GoingInCircles/Go/src/interpreter/lexer/lexer.go:83.9,83.27 1 12
GoingInCircles/Go/src/interpreter/lexer/lexer.go:83.27,87.4 3 12
GoingInCircles/Go/src/interpreter/lexer/lexer.go:87.9,89.4 1 0
GoingInCircles/Go/src/interpreter/lexer/lexer.go:95.29,97.2 1 127
GoingInCircles/Go/src/interpreter/lexer/lexer.go:99.28,102.2 1 43
GoingInCircles/Go/src/interpreter/lexer/lexer.go:104.37,106.20 2 12
GoingInCircles/Go/src/interpreter/lexer/lexer.go:109.2,109.37 1 12
GoingInCircles/Go/src/interpreter/lexer/lexer.go:106.20,108.3 1 19
GoingInCircles/Go/src/interpreter/lexer/lexer.go:112.41,114.21 2 22
GoingInCircles/Go/src/interpreter/lexer/lexer.go:117.2,117.37 1 22
GoingInCircles/Go/src/interpreter/lexer/lexer.go:114.21,116.3 1 71
GoingInCircles/Go/src/interpreter/lexer/lexer.go:120.33,121.36 1 7
GoingInCircles/Go/src/interpreter/lexer/lexer.go:121.36,123.3 1 0
GoingInCircles/Go/src/interpreter/lexer/lexer.go:123.8,125.3 1 7
GoingInCircles/Go/src/interpreter/lexer/lexer.go:128.65,130.2 1 36
GoingInCircles/Go/src/interpreter/lexer/lexer.go:132.34,133.82 1 71
GoingInCircles/Go/src/interpreter/lexer/lexer.go:133.82,135.3 1 74
