2020-09-22T20:22:18+00:00 DEBUG (7): Exception message: SQLSTATE[40001]: Serialization failure: 1213 Deadlock found when trying to get lock; try restarting transaction, query was: INSERT INTO `catalog_product_entity_varchar` (`entity_type_id`,`attribute_id`,`store_id`,`entity_id`,`value`) VALUES (?, ?, ?, ?, ?), (?, ?, ?, ?, ?), (?, ?, ?, ?, ?), (?, ?, ?, ?, ?), (?, ?, ?, ?, ?), (?, ?, ?, ?, ?), (?, ?, ?, ?, ?), (?, ?, ?, ?, ?) ON DUPLICATE KEY UPDATE `value` = VALUES(`value`)
Trace: #0 /home/losgdinf/live/releases/1.1.41/lib/Varien/Db/Statement/Pdo/Mysql.php(110): Zend_Db_Statement_Pdo->_execute(Array)
#1 /home/losgdinf/live/releases/1.1.41/app/code/core/Zend/Db/Statement.php(291): Varien_Db_Statement_Pdo_Mysql->_execute(Array)
#2 /home/losgdinf/live/releases/1.1.41/lib/Zend/Db/Adapter/Abstract.php(480): Zend_Db_Statement->execute(Array)
#3 /home/losgdinf/live/releases/1.1.41/lib/Zend/Db/Adapter/Pdo/Abstract.php(238): Zend_Db_Adapter_Abstract->query('INSERT INTO `ca...', Array)
#4 /home/losgdinf/live/releases/1.1.41/lib/Varien/Db/Adapter/Pdo/Mysql.php(504): Zend_Db_Adapter_Pdo_Abstract->query('INSERT INTO `ca...', Array)
#5 /home/losgdinf/live/releases/1.1.41/lib/Varien/Db/Adapter/Pdo/Mysql.php(2036): Varien_Db_Adapter_Pdo_Mysql->query('INSERT INTO `ca...', Array)
#6 /home/losgdinf/live/releases/1.1.41/app/code/core/Mage/Eav/Model/Entity/Abstract.php(1472): Varien_Db_Adapter_Pdo_Mysql->insertOnDuplicate('catalog_product...', Array, Array)
#7 /home/losgdinf/live/releases/1.1.41/app/code/core/Mage/Eav/Model/Entity/Abstract.php(1397): Mage_Eav_Model_Entity_Abstract->_processAttributeValues()
#8 /home/losgdinf/live/releases/1.1.41/app/code/core/Mage/Eav/Model/Entity/Abstract.php(1123): Mage_Eav_Model_Entity_Abstract->_processSaveData(Array)
#9 /home/losgdinf/live/releases/1.1.41/app/code/core/Mage/Core/Model/Abstract.php(318): Mage_Eav_Model_Entity_Abstract->save(Object(Bstock_Encore_Model_Product))
#10 /home/losgdinf/live/releases/1.1.41/app/code/local/Bstock/Control/controllers/Adminhtml/Catalog/ProductController.php(206): Mage_Core_Model_Abstract->save()
#11 /home/losgdinf/live/releases/1.1.41/app/code/core/Mage/Core/Controller/Varien/Action.php(418): Bstock_Control_Adminhtml_Catalog_ProductController->saveAction()
#12 /home/losgdinf/live/releases/1.1.41/app/code/core/Mage/Core/Controller/Varien/Router/Standard.php(254): Mage_Core_Controller_Varien_Action->dispatch('save')
#13 /home/losgdinf/live/releases/1.1.41/app/code/core/Mage/Core/Controller/Varien/Front.php(172): Mage_Core_Controller_Varien_Router_Standard->match(Object(Mage_Core_Controller_Request_Http))
#14 /home/losgdinf/live/releases/1.1.41/app/code/core/Mage/Core/Model/App.php(381): Mage_Core_Controller_Varien_Front->dispatch()
#15 /home/losgdinf/live/releases/1.1.41/app/Mage.php(693): Mage_Core_Model_App->run(Array)
#16 /home/losgdinf/live/releases/1.1.41/index.php(83): Mage::run('', 'store')
#17 {main}
2020-09-22T20:22:18+00:00 DEBUG (7): Exception message: SQLSTATE[40001]: Serialization failure: 1213 Deadlock found when trying to get lock; try restarting transaction, query was: INSERT INTO `catalog_product_entity_varchar` (`entity_type_id`,`attribute_id`,`store_id`,`entity_id`,`value`) VALUES (?, ?, ?, ?, ?), (?, ?, ?, ?, ?), (?, ?, ?, ?, ?), (?, ?, ?, ?, ?), (?, ?, ?, ?, ?), (?, ?, ?, ?, ?), (?, ?, ?, ?, ?), (?, ?, ?, ?, ?) ON DUPLICATE KEY UPDATE `value` = VALUES(`value`)
Trace: #0 /home/losgdinf/live/releases/1.1.41/lib/Varien/Db/Statement/Pdo/Mysql.php(110): Zend_Db_Statement_Pdo->_execute(Array)
#1 /home/losgdinf/live/releases/1.1.41/app/code/core/Zend/Db/Statement.php(291): Varien_Db_Statement_Pdo_Mysql->_execute(Array)
#2 /home/losgdinf/live/releases/1.1.41/lib/Zend/Db/Adapter/Abstract.php(480): Zend_Db_Statement->execute(Array)
#3 /home/losgdinf/live/releases/1.1.41/lib/Zend/Db/Adapter/Pdo/Abstract.php(238): Zend_Db_Adapter_Abstract->query('INSERT INTO `ca...', Array)
#4 /home/losgdinf/live/releases/1.1.41/lib/Varien/Db/Adapter/Pdo/Mysql.php(504): Zend_Db_Adapter_Pdo_Abstract->query('INSERT INTO `ca...', Array)
#5 /home/losgdinf/live/releases/1.1.41/lib/Varien/Db/Adapter/Pdo/Mysql.php(2036): Varien_Db_Adapter_Pdo_Mysql->query('INSERT INTO `ca...', Array)
#6 /home/losgdinf/live/releases/1.1.41/app/code/core/Mage/Eav/Model/Entity/Abstract.php(1472): Varien_Db_Adapter_Pdo_Mysql->insertOnDuplicate('catalog_product...', Array, Array)started
#7 /home/losgdinf/live/releases/1.1.41/app/code/core/Mage/Eav/Model/Entity/Abstract.php(1397): Mage_Eav_Model_Entity_Abstract->_processAttributeValues()
#8 /home/losgdinf/live/releases/1.1.41/app/code/core/Mage/Eav/Model/Entity/Abstract.php(1123): Mage_Eav_Model_Entity_Abstract->_processSaveData(Array)
#9 /home/losgdinf/live/releases/1.1.41/app/code/core/Mage/Core/Model/Abstract.php(318): Mage_Eav_Model_Entity_Abstract->save(Object(Bstock_Encore_Model_Product))
#10 /home/losgdinf/live/releases/1.1.41/app/code/local/Bstock/Control/controllers/Adminhtml/Catalog/ProductController.php(206): Mage_Core_Model_Abstract->save()
#11 /home/losgdinf/live/releases/1.1.41/app/code/core/Mage/Core/Controller/Varien/Action.php(418): Bstock_Control_Adminhtml_Catalog_ProductController->saveAction()
#12 /home/losgdinf/live/releases/1.1.41/app/code/core/Mage/Core/Controller/Varien/Router/Standard.php(254): Mage_Core_Controller_Varien_Action->dispatch('save')
#13 /home/losgdinf/live/releases/1.1.41/app/code/core/Mage/Core/Controller/Varien/Front.php(172): Mage_Core_Controller_Varien_Router_Standard->match(Object(Mage_Core_Controller_Request_Http))
#14 /home/losgdinf/live/releases/1.1.41/app/code/core/Mage/Core/Model/App.php(381): Mage_Core_Controller_Varien_Front->dispatch()
#15 /home/losgdinf/live/releases/1.1.41/app/Mage.php(693): Mage_Core_Model_App->run(Array)
#16 /home/losgdinf/live/releases/1.1.41/index.php(83): Mage::run('', 'store')
#17 {main}
2020-09-22T20:22:24+00:00 DEBUG (7): Exception message: SQLSTATE[40001]: Serialization failure: 1213 Deadlock found when trying to get lock; try restarting transaction, query was: INSERT INTO `catalog_product_entity_varchar` (`entity_type_id`,`attribute_id`,`store_id`,`entity_id`,`value`) VALUES (?, ?, ?, ?, ?), (?, ?, ?, ?, ?), (?, ?, ?, ?, ?), (?, ?, ?, ?, ?), (?, ?, ?, ?, ?), (?, ?, ?, ?, ?), (?, ?, ?, ?, ?), (?, ?, ?, ?, ?) ON DUPLICATE KEY UPDATE `value` = VALUES(`value`)
Trace: #0 /home/losgdinf/live/releases/1.1.41/lib/Varien/Db/Statement/Pdo/Mysql.php(110): Zend_Db_Statement_Pdo->_execute(Array)
#1 /home/losgdinf/live/releases/1.1.41/app/code/core/Zend/Db/Statement.php(291): Varien_Db_Statement_Pdo_Mysql->_execute(Array)
#2 /home/losgdinf/live/releases/1.1.41/lib/Zend/Db/Adapter/Abstract.php(480): Zend_Db_Statement->execute(Array)
#3 /home/losgdinf/live/releases/1.1.41/lib/Zend/Db/Adapter/Pdo/Abstract.php(238): Zend_Db_Adapter_Abstract->query('INSERT INTO `ca...', Array)
#4 /home/losgdinf/live/releases/1.1.41/lib/Varien/Db/Adapter/Pdo/Mysql.php(504): Zend_Db_Adapter_Pdo_Abstract->query('INSERT INTO `ca...', Array)
#5 /home/losgdinf/live/releases/1.1.41/lib/Varien/Db/Adapter/Pdo/Mysql.php(2036): Varien_Db_Adapter_Pdo_Mysql->query('INSERT INTO `ca...', Array)
#6 /home/losgdinf/live/releases/1.1.41/app/code/core/Mage/Eav/Model/Entity/Abstract.php(1472): Varien_Db_Adapter_Pdo_Mysql->insertOnDuplicate('catalog_product...', Array, Array)
#7 /home/losgdinf/live/releases/1.1.41/app/code/core/Mage/Eav/Model/Entity/Abstract.php(1397): Mage_Eav_Model_Entity_Abstract->_processAttributeValues()
#8 /home/losgdinf/live/releases/1.1.41/app/code/core/Mage/Eav/Model/Entity/Abstract.php(1123): Mage_Eav_Model_Entity_Abstract->_processSaveData(Array)
#9 /home/losgdinf/live/releases/1.1.41/app/code/core/Mage/Core/Model/Abstract.php(318): Mage_Eav_Model_Entity_Abstract->save(Object(Bstock_Encore_Model_Product))
#10 /home/losgdinf/live/releases/1.1.41/app/code/local/Bstock/Control/controllers/Adminhtml/Catalog/ProductController.php(206): Mage_Core_Model_Abstract->save()
#11 /home/losgdinf/live/releases/1.1.41/app/code/core/Mage/Core/Controller/Varien/Action.php(418): Bstock_Control_Adminhtml_Catalog_ProductController->saveAction()
#12 /home/losgdinf/live/releases/1.1.41/app/code/core/Mage/Core/Controller/Varien/Router/Standard.php(254): Mage_Core_Controller_Varien_Action->dispatch('save')
#13 /home/losgdinf/live/releases/1.1.41/app/code/core/Mage/Core/Controller/Varien/Front.php(172): Mage_Core_Controller_Varien_Router_Standard->match(Object(Mage_Core_Controller_Request_Http))
#14 /home/losgdinf/live/releases/1.1.41/app/code/core/Mage/Core/Model/App.php(381): Mage_Core_Controller_Varien_Front->dispatch()
#15 /home/losgdinf/live/releases/1.1.41/app/Mage.php(693): Mage_Core_Model_App->run(Array)
#16 /home/losgdinf/live/releases/1.1.41/index.php(83): Mage::run('', 'store')
#17 {main}
2020-09-22T20:22:25+00:00 DEBUG (7): Exception message: SQLSTATE[40001]: Serialization failure: 1213 Deadlock found when trying to get lock; try restarting transaction, query was: INSERT INTO `catalog_product_entity_varchar` (`entity_type_id`,`attribute_id`,`store_id`,`entity_id`,`value`) VALUES (?, ?, ?, ?, ?), (?, ?, ?, ?, ?), (?, ?, ?, ?, ?), (?, ?, ?, ?, ?), (?, ?, ?, ?, ?), (?, ?, ?, ?, ?), (?, ?, ?, ?, ?), (?, ?, ?, ?, ?) ON DUPLICATE KEY UPDATE `value` = VALUES(`value`)
Trace: #0 /home/losgdinf/live/releases/1.1.41/lib/Varien/Db/Statement/Pdo/Mysql.php(110): Zend_Db_Statement_Pdo->_execute(Array)
#1 /home/losgdinf/live/releases/1.1.41/app/code/core/Zend/Db/Statement.php(291): Varien_Db_Statement_Pdo_Mysql->_execute(Array)
#2 /home/losgdinf/live/releases/1.1.41/lib/Zend/Db/Adapter/Abstract.php(480): Zend_Db_Statement->execute(Array)
#3 /home/losgdinf/live/releases/1.1.41/lib/Zend/Db/Adapter/Pdo/Abstract.php(238): Zend_Db_Adapter_Abstract->query('INSERT INTO `ca...', Array)
#4 /home/losgdinf/live/releases/1.1.41/lib/Varien/Db/Adapter/Pdo/Mysql.php(504): Zend_Db_Adapter_Pdo_Abstract->query('INSERT INTO `ca...', Array)
#5 /home/losgdinf/live/releases/1.1.41/lib/Varien/Db/Adapter/Pdo/Mysql.php(2036): Varien_Db_Adapter_Pdo_Mysql->query('INSERT INTO `ca...', Array)
#6 /home/losgdinf/live/releases/1.1.41/app/code/core/Mage/Eav/Model/Entity/Abstract.php(1472): Varien_Db_Adapter_Pdo_Mysql->insertOnDuplicate('catalog_product...', Array, Array)
#7 /home/losgdinf/live/releases/1.1.41/app/code/core/Mage/Eav/Model/Entity/Abstract.php(1397): Mage_Eav_Model_Entity_Abstract->_processAttributeValues()
#8 /home/losgdinf/live/releases/1.1.41/app/code/core/Mage/Eav/Model/Entity/Abstract.php(1123): Mage_Eav_Model_Entity_Abstract->_processSaveData(Array)
#9 /home/losgdinf/live/releases/1.1.41/app/code/core/Mage/Core/Model/Abstract.php(318): Mage_Eav_Model_Entity_Abstract->save(Object(Bstock_Encore_Model_Product))
#10 /home/losgdinf/live/releases/1.1.41/app/code/local/Bstock/Control/controllers/Adminhtml/Catalog/ProductController.php(206): Mage_Core_Model_Abstract->save()
#11 /home/losgdinf/live/releases/1.1.41/app/code/core/Mage/Core/Controller/Varien/Action.php(418): Bstock_Control_Adminhtml_Catalog_ProductController->saveAction()
#12 /home/losgdinf/live/releases/1.1.41/app/code/core/Mage/Core/Controller/Varien/Router/Standard.php(254): Mage_Core_Controller_Varien_Action->dispatch('save')
#13 /home/losgdinf/live/releases/1.1.41/app/code/core/Mage/Core/Controller/Varien/Front.php(172): Mage_Core_Controller_Varien_Router_Standard->match(Object(Mage_Core_Controller_Request_Http))
#14 /home/losgdinf/live/releases/1.1.41/app/code/core/Mage/Core/Model/App.php(381): Mage_Core_Controller_Varien_Front->dispatch()
#15 /home/losgdinf/live/releases/1.1.41/app/Mage.php(693): Mage_Core_Model_App->run(Array)
#16 /home/losgdinf/live/releases/1.1.41/index.php(83): Mage::run('', 'store')
#17 {main}
2020-09-22T20:22:28+00:00 DEBUG (7): Exception message: SQLSTATE[40001]: Serialization failure: 1213 Deadlock found when trying to get lock; try restarting transaction, query was: UPDATE `index_process` SET `started_at` = ? WHERE (process_id='3')
Trace: #0 /home/losgdinf/live/releases/1.1.41/lib/Varien/Db/Statement/Pdo/Mysql.php(110): Zend_Db_Statement_Pdo->_execute(Array)
#1 /home/losgdinf/live/releases/1.1.41/app/code/core/Zend/Db/Statement.php(291): Varien_Db_Statement_Pdo_Mysql->_execute(Array)
#2 /home/losgdinf/live/releases/1.1.41/lib/Zend/Db/Adapter/Abstract.php(480): Zend_Db_Statement->execute(Array)
#3 /home/losgdinf/live/releases/1.1.41/lib/Zend/Db/Adapter/Pdo/Abstract.php(238): Zend_Db_Adapter_Abstract->query('UPDATE `index_p...', Array)
#4 /home/losgdinf/live/releases/1.1.41/lib/Varien/Db/Adapter/Pdo/Mysql.php(504): Zend_Db_Adapter_Pdo_Abstract->query('UPDATE `index_p...', Array)
#5 /home/losgdinf/live/releases/1.1.41/lib/Zend/Db/Adapter/Abstract.php(635): Varien_Db_Adapter_Pdo_Mysql->query('UPDATE `index_p...', Array)
#6 /home/losgdinf/live/releases/1.1.41/app/code/core/Mage/Index/Model/Resource/Process.php(137): Zend_Db_Adapter_Abstract->update('index_process', Array, Array)
#7 /home/losgdinf/live/releases/1.1.41/app/code/core/Mage/Index/Model/Resource/Process.php(150): Mage_Index_Model_Resource_Process->_updateProcessData('3', Array)
#8 /home/losgdinf/live/releases/1.1.41/app/code/core/Mage/Index/Model/Process.php(279): Mage_Index_Model_Resource_Process->updateProcessStartDate(Object(Mage_Index_Model_Process))
#9 /home/losgdinf/live/releases/1.1.41/app/code/core/Mage/Index/Model/Process.php(621): Mage_Index_Model_Process->processEvent(Object(Mage_Index_Model_Event))
#10 [internal function]: Mage_Index_Model_Process->safeProcessEvent(Object(Mage_Index_Model_Event))
#11 /home/losgdinf/live/releases/1.1.41/app/code/core/Mage/Index/Model/Indexer.php(378): call_user_func_array(Array, Array)
#12 /home/losgdinf/live/releases/1.1.41/app/code/core/Mage/Index/Model/Indexer.php(246): Mage_Index_Model_Indexer->_runAll('safeProcessEven...', Array)
#13 /home/losgdinf/live/releases/1.1.41/app/code/core/Mage/Index/Model/Indexer.php(317): Mage_Index_Model_Indexer->indexEvent(Object(Mage_Index_Model_Event))
#14 /home/losgdinf/live/releases/1.1.41/app/code/core/Mage/Catalog/Model/Product.php(2095): Mage_Index_Model_Indexer->processEntityAction(Object(Bstock_Encore_Model_Product), 'catalog_product', 'save')
#15 [internal function]: Mage_Catalog_Model_Product->afterCommitCallback()
#16 /home/losgdinf/live/releases/1.1.41/app/code/core/Mage/Core/Model/Resource/Abstract.php(110): call_user_func(Array)
#17 /home/losgdinf/live/releases/1.1.41/app/code/core/Mage/Core/Model/Abstract.php(322): Mage_Core_Model_Resource_Abstract->commit()
#18 /home/losgdinf/live/releases/1.1.41/app/code/local/Bstock/Control/controllers/Adminhtml/Catalog/ProductController.php(206): Mage_Core_Model_Abstract->save()
#19 /home/losgdinf/live/releases/1.1.41/app/code/core/Mage/Core/Controller/Varien/Action.php(418): Bstock_Control_Adminhtml_Catalog_ProductController->saveAction()
#20 /home/losgdinf/live/releases/1.1.41/app/code/core/Mage/Core/Controller/Varien/Router/Standard.php(254): Mage_Core_Controller_Varien_Action->dispatch('save')
#21 /home/losgdinf/live/releases/1.1.41/app/code/core/Mage/Core/Controller/Varien/Front.php(172): Mage_Core_Controller_Varien_Router_Standard->match(Object(Mage_Core_Controller_Request_Http))
#22 /home/losgdinf/live/releases/1.1.41/app/code/core/Mage/Core/Model/App.php(381): Mage_Core_Controller_Varien_Front->dispatch()
#23 /home/losgdinf/live/releases/1.1.41/app/Mage.php(693): Mage_Core_Model_App->run(Array)
#24 /home/losgdinf/live/releases/1.1.41/index.php(83): Mage::run('', 'store')
#25 {main}
2020-09-22T20:22:39+00:00 DEBUG (7): Exception message: SQLSTATE[40001]: Serialization failure: 1213 Deadlock found when trying to get lock; try restarting transaction, query was: INSERT INTO `catalog_product_entity_varchar` (`entity_type_id`,`attribute_id`,`store_id`,`entity_id`,`value`) VALUES (?, ?, ?, ?, ?), (?, ?, ?, ?, ?), (?, ?, ?, ?, ?), (?, ?, ?, ?, ?), (?, ?, ?, ?, ?), (?, ?, ?, ?, ?), (?, ?, ?, ?, ?), (?, ?, ?, ?, ?) ON DUPLICATE KEY UPDATE `value` = VALUES(`value`)
Trace: #0 /home/losgdinf/live/releases/1.1.41/lib/Varien/Db/Statement/Pdo/Mysql.php(110): Zend_Db_Statement_Pdo->_execute(Array)
#1 /home/losgdinf/live/releases/1.1.41/app/code/core/Zend/Db/Statement.php(291): Varien_Db_Statement_Pdo_Mysql->_execute(Array)
#2 /home/losgdinf/live/releases/1.1.41/lib/Zend/Db/Adapter/Abstract.php(480): Zend_Db_Statement->execute(Array)
#3 /home/losgdinf/live/releases/1.1.41/lib/Zend/Db/Adapter/Pdo/Abstract.php(238): Zend_Db_Adapter_Abstract->query('INSERT INTO `ca...', Array)
#4 /home/losgdinf/live/releases/1.1.41/lib/Varien/Db/Adapter/Pdo/Mysql.php(504): Zend_Db_Adapter_Pdo_Abstract->query('INSERT INTO `ca...', Array)
#5 /home/losgdinf/live/releases/1.1.41/lib/Varien/Db/Adapter/Pdo/Mysql.php(2036): Varien_Db_Adapter_Pdo_Mysql->query('INSERT INTO `ca...', Array)
#6 /home/losgdinf/live/releases/1.1.41/app/code/core/Mage/Eav/Model/Entity/Abstract.php(1472): Varien_Db_Adapter_Pdo_Mysql->insertOnDuplicate('catalog_product...', Array, Array)
#7 /home/losgdinf/live/releases/1.1.41/app/code/core/Mage/Eav/Model/Entity/Abstract.php(1397): Mage_Eav_Model_Entity_Abstract->_processAttributeValues()
#8 /home/losgdinf/live/releases/1.1.41/app/code/core/Mage/Eav/Model/Entity/Abstract.php(1123): Mage_Eav_Model_Entity_Abstract->_processSaveData(Array)
#9 /home/losgdinf/live/releases/1.1.41/app/code/core/Mage/Core/Model/Abstract.php(318): Mage_Eav_Model_Entity_Abstract->save(Object(Bstock_Encore_Model_Product))
#10 /home/losgdinf/live/releases/1.1.41/app/code/local/Bstock/Control/controllers/Adminhtml/Catalog/ProductController.php(206): Mage_Core_Model_Abstract->save()
#11 /home/losgdinf/live/releases/1.1.41/app/code/core/Mage/Core/Controller/Varien/Action.php(418): Bstock_Control_Adminhtml_Catalog_ProductController->saveAction()
#12 /home/losgdinf/live/releases/1.1.41/app/code/core/Mage/Core/Controller/Varien/Router/Standard.php(254): Mage_Core_Controller_Varien_Action->dispatch('save')
#13 /home/losgdinf/live/releases/1.1.41/app/code/core/Mage/Core/Controller/Varien/Front.php(172): Mage_Core_Controller_Varien_Router_Standard->match(Object(Mage_Core_Controller_Request_Http))
#14 /home/losgdinf/live/releases/1.1.41/app/code/core/Mage/Core/Model/App.php(381): Mage_Core_Controller_Varien_Front->dispatch()
#15 /home/losgdinf/live/releases/1.1.41/app/Mage.php(693): Mage_Core_Model_App->run(Array)
#16 /home/losgdinf/live/releases/1.1.41/index.php(83): Mage::run('', 'store')
#17 {main}
2020-09-22T20:22:40+00:00 DEBUG (7): Exception message: SQLSTATE[40001]: Serialization failure: 1213 Deadlock found when trying to get lock; try restarting transaction, query was: INSERT INTO `catalog_product_entity_varchar` (`entity_type_id`,`attribute_id`,`store_id`,`entity_id`,`value`) VALUES (?, ?, ?, ?, ?), (?, ?, ?, ?, ?), (?, ?, ?, ?, ?), (?, ?, ?, ?, ?), (?, ?, ?, ?, ?), (?, ?, ?, ?, ?), (?, ?, ?, ?, ?) ON DUPLICATE KEY UPDATE `value` = VALUES(`value`)
Trace: #0 /home/losgdinf/live/releases/1.1.41/lib/Varien/Db/Statement/Pdo/Mysql.php(110): Zend_Db_Statement_Pdo->_execute(Array)
#1 /home/losgdinf/live/releases/1.1.41/app/code/core/Zend/Db/Statement.php(291): Varien_Db_Statement_Pdo_Mysql->_execute(Array)
#2 /home/losgdinf/live/releases/1.1.41/lib/Zend/Db/Adapter/Abstract.php(480): Zend_Db_Statement->execute(Array)
#3 /home/losgdinf/live/releases/1.1.41/lib/Zend/Db/Adapter/Pdo/Abstract.php(238): Zend_Db_Adapter_Abstract->query('INSERT INTO `ca...', Array)
#4 /home/losgdinf/live/releases/1.1.41/lib/Varien/Db/Adapter/Pdo/Mysql.php(504): Zend_Db_Adapter_Pdo_Abstract->query('INSERT INTO `ca...', Array)
#5 /home/losgdinf/live/releases/1.1.41/lib/Varien/Db/Adapter/Pdo/Mysql.php(2036): Varien_Db_Adapter_Pdo_Mysql->query('INSERT INTO `ca...', Array)
#6 /home/losgdinf/live/releases/1.1.41/app/code/core/Mage/Eav/Model/Entity/Abstract.php(1472): Varien_Db_Adapter_Pdo_Mysql->insertOnDuplicate('catalog_product...', Array, Array)
#7 /home/losgdinf/live/releases/1.1.41/app/code/core/Mage/Eav/Model/Entity/Abstract.php(1397): Mage_Eav_Model_Entity_Abstract->_processAttributeValues()
#8 /home/losgdinf/live/releases/1.1.41/app/code/core/Mage/Eav/Model/Entity/Abstract.php(1123): Mage_Eav_Model_Entity_Abstract->_processSaveData(Array)
#9 /home/losgdinf/live/releases/1.1.41/app/code/core/Mage/Core/Model/Abstract.php(318): Mage_Eav_Model_Entity_Abstract->save(Object(Bstock_Encore_Model_Product))
#10 /home/losgdinf/live/releases/1.1.41/app/code/local/Bstock/Control/controllers/Adminhtml/Catalog/ProductController.php(206): Mage_Core_Model_Abstract->save()
#11 /home/losgdinf/live/releases/1.1.41/app/code/core/Mage/Core/Controller/Varien/Action.php(418): Bstock_Control_Adminhtml_Catalog_ProductController->saveAction()
#12 /home/losgdinf/live/releases/1.1.41/app/code/core/Mage/Core/Controller/Varien/Router/Standard.php(254): Mage_Core_Controller_Varien_Action->dispatch('save')
#13 /home/losgdinf/live/releases/1.1.41/app/code/core/Mage/Core/Controller/Varien/Front.php(172): Mage_Core_Controller_Varien_Router_Standard->match(Object(Mage_Core_Controller_Request_Http))
#14 /home/losgdinf/live/releases/1.1.41/app/code/core/Mage/Core/Model/App.php(381): Mage_Core_Controller_Varien_Front->dispatch()
#15 /home/losgdinf/live/releases/1.1.41/app/Mage.php(693): Mage_Core_Model_App->run(Array)
#16 /home/losgdinf/live/releases/1.1.41/index.php(83): Mage::run('', 'store')
#17 {main}
2020-09-22T20:22:40+00:00 DEBUG (7): Exception message: SQLSTATE[40001]: Serialization failure: 1213 Deadlock found when trying to get lock; try restarting transaction, query was: INSERT INTO `catalog_product_entity_varchar` (`entity_type_id`,`attribute_id`,`store_id`,`entity_id`,`value`) VALUES (?, ?, ?, ?, ?), (?, ?, ?, ?, ?), (?, ?, ?, ?, ?), (?, ?, ?, ?, ?), (?, ?, ?, ?, ?), (?, ?, ?, ?, ?), (?, ?, ?, ?, ?), (?, ?, ?, ?, ?) ON DUPLICATE KEY UPDATE `value` = VALUES(`value`)
Trace: #0 /home/losgdinf/live/releases/1.1.41/lib/Varien/Db/Statement/Pdo/Mysql.php(110): Zend_Db_Statement_Pdo->_execute(Array)
#1 /home/losgdinf/live/releases/1.1.41/app/code/core/Zend/Db/Statement.php(291): Varien_Db_Statement_Pdo_Mysql->_execute(Array)
#2 /home/losgdinf/live/releases/1.1.41/lib/Zend/Db/Adapter/Abstract.php(480): Zend_Db_Statement->execute(Array)
#3 /home/losgdinf/live/releases/1.1.41/lib/Zend/Db/Adapter/Pdo/Abstract.php(238): Zend_Db_Adapter_Abstract->query('INSERT INTO `ca...', Array)
#4 /home/losgdinf/live/releases/1.1.41/lib/Varien/Db/Adapter/Pdo/Mysql.php(504): Zend_Db_Adapter_Pdo_Abstract->query('INSERT INTO `ca...', Array)
#5 /home/losgdinf/live/releases/1.1.41/lib/Varien/Db/Adapter/Pdo/Mysql.php(2036): Varien_Db_Adapter_Pdo_Mysql->query('INSERT INTO `ca...', Array)
#6 /home/losgdinf/live/releases/1.1.41/app/code/core/Mage/Eav/Model/Entity/Abstract.php(1472): Varien_Db_Adapter_Pdo_Mysql->insertOnDuplicate('catalog_product...', Array, Array)
#7 /home/losgdinf/live/releases/1.1.41/app/code/core/Mage/Eav/Model/Entity/Abstract.php(1397): Mage_Eav_Model_Entity_Abstract->_processAttributeValues()
#8 /home/losgdinf/live/releases/1.1.41/app/code/core/Mage/Eav/Model/Entity/Abstract.php(1123): Mage_Eav_Model_Entity_Abstract->_processSaveData(Array)
#9 /home/losgdinf/live/releases/1.1.41/app/code/core/Mage/Core/Model/Abstract.php(318): Mage_Eav_Model_Entity_Abstract->save(Object(Bstock_Encore_Model_Product))
#10 /home/losgdinf/live/releases/1.1.41/app/code/local/Bstock/Control/controllers/Adminhtml/Catalog/ProductController.php(206): Mage_Core_Model_Abstract->save()
#11 /home/losgdinf/live/releases/1.1.41/app/code/core/Mage/Core/Controller/Varien/Action.php(418): Bstock_Control_Adminhtml_Catalog_ProductController->saveAction()
#12 /home/losgdinf/live/releases/1.1.41/app/code/core/Mage/Core/Controller/Varien/Router/Standard.php(254): Mage_Core_Controller_Varien_Action->dispatch('save')
#13 /home/losgdinf/live/releases/1.1.41/app/code/core/Mage/Core/Controller/Varien/Front.php(172): Mage_Core_Controller_Varien_Router_Standard->match(Object(Mage_Core_Controller_Request_Http))
#14 /home/losgdinf/live/releases/1.1.41/app/code/core/Mage/Core/Model/App.php(381): Mage_Core_Controller_Varien_Front->dispatch()
#15 /home/losgdinf/live/releases/1.1.41/app/Mage.php(693): Mage_Core_Model_App->run(Array)
#16 /home/losgdinf/live/releases/1.1.41/index.php(83): Mage::run('', 'store')
#17 {main}
package main

import (
	"fmt"
)

func main() {
	fmt.Println("Hello, playground")
}
